{
  "RSpec": {
    "coverage": {
      "/Users/igor/work/preinterns/shopv426/spec/services/balance_spec.rb": [
        1,
        null,
        1,
        null,
        8,
        null,
        8,
        null,
        2,
        null,
        null,
        1,
        null,
        1,
        1,
        1,
        2,
        null,
        null,
        null,
        2,
        null,
        null,
        1,
        1,
        2,
        4,
        null,
        null,
        null,
        null,
        1,
        2,
        2,
        2,
        4,
        null,
        null,
        null,
        null,
        null,
        1,
        2,
        null,
        null,
        1,
        2,
        null,
        2,
        null,
        null,
        null,
        null,
        null,
        1,
        null,
        1,
        1,
        2,
        null,
        null,
        null,
        3,
        null,
        null,
        1,
        null,
        null,
        null,
        null,
        null,
        null,
        null,
        null,
        null,
        null,
        null,
        null,
        null,
        null,
        3,
        null,
        null,
        null,
        null,
        null,
        null,
        null,
        3,
        null,
        3,
        null,
        3,
        null,
        null,
        null,
        null,
        null,
        null,
        null,
        null,
        null,
        null,
        null,
        null,
        null,
        1,
        2,
        null,
        3,
        null,
        null,
        1,
        2,
        null,
        3,
        null,
        null,
        null
      ],
      "/Users/igor/work/preinterns/shopv426/spec/rails_helper.rb": [
        null,
        1,
        1,
        1,
        1,
        null,
        null,
        null,
        null,
        null,
        null,
        null,
        null,
        null,
        null,
        null,
        null,
        null,
        null,
        null,
        null,
        null,
        null,
        null,
        null,
        1,
        null,
        1,
        1,
        null,
        1,
        null,
        null,
        null,
        null,
        1,
        null,
        null,
        null,
        null,
        null,
        null,
        null,
        null,
        null,
        null,
        null,
        null,
        null,
        null,
        1,
        null,
        1,
        1,
        1,
        null,
        1,
        null,
        null
      ],
      "/Users/igor/work/preinterns/shopv426/config/environment.rb": [
        null,
        1,
        null,
        null,
        1
      ],
      "/Users/igor/work/preinterns/shopv426/config/application.rb": [
        1,
        null,
        1,
        null,
        1,
        1,
        1,
        1,
        1,
        1,
        null,
        null,
        null,
        null,
        null,
        1,
        null,
        1,
        1,
        null,
        null,
        null,
        null,
        null,
        null,
        null,
        null,
        null,
        null,
        null,
        null,
        null,
        1,
        null,
        1,
        null,
        null
      ],
      "/Users/igor/work/preinterns/shopv426/config/boot.rb": [
        1,
        null,
        1
      ],
      "/Users/igor/work/preinterns/shopv426/config/environments/test.rb": [
        1,
        null,
        null,
        null,
        null,
        null,
        null,
        1,
        null,
        null,
        null,
        null,
        1,
        null,
        null,
        1,
        1,
        null,
        null,
        1,
        1,
        null,
        null,
        1,
        null,
        null,
        1,
        null,
        null,
        null,
        null,
        1,
        null,
        null,
        1,
        null,
        null,
        1,
        null,
        null,
        null,
        null
      ],
      "/Users/igor/work/preinterns/shopv426/config/initializers/backtrace_silencers.rb": [
        null,
        null,
        null,
        null,
        null,
        null,
        null
      ],
      "/Users/igor/work/preinterns/shopv426/config/initializers/cookies_serializer.rb": [
        null,
        null,
        1
      ],
      "/Users/igor/work/preinterns/shopv426/config/initializers/filter_parameter_logging.rb": [
        null,
        null,
        null,
        1
      ],
      "/Users/igor/work/preinterns/shopv426/config/initializers/generators.rb": [
        1,
        1,
        1,
        1,
        1,
        1,
        1,
        null,
        null
      ],
      "/Users/igor/work/preinterns/shopv426/config/initializers/inflections.rb": [
        null,
        null,
        null,
        null,
        null,
        null,
        null,
        null,
        null,
        null,
        null,
        null,
        null,
        null,
        null,
        null
      ],
      "/Users/igor/work/preinterns/shopv426/config/initializers/mime_types.rb": [
        null,
        null,
        null,
        null
      ],
      "/Users/igor/work/preinterns/shopv426/config/initializers/session_store.rb": [
        null,
        null,
        1
      ],
      "/Users/igor/work/preinterns/shopv426/config/initializers/wrap_parameters.rb": [
        null,
        null,
        null,
        null,
        null,
        null,
        1,
        1,
        null,
        null,
        null,
        null,
        null,
        null
      ],
      "/Users/igor/work/preinterns/shopv426/spec/factories/gift_certificate.rb": [
        1,
        1,
        1,
        null,
        null
      ],
      "/Users/igor/work/preinterns/shopv426/config/routes.rb": [
        1,
        1,
        null,
        1,
        null,
        null,
        1,
        null,
        null,
        1,
        null,
        null,
        1,
        1,
        1,
        null,
        null,
        null,
        1,
        1,
        null,
        null,
        null,
        1,
        1,
        1,
        null,
        null,
        null,
        1,
        1,
        1,
        null,
        null,
        null
      ],
      "/Users/igor/work/preinterns/shopv426/app/helpers/application_helper.rb": [
        1,
        null
      ],
      "/Users/igor/work/preinterns/shopv426/app/services/balance.rb": [
        1,
        1,
        null,
        1,
        null,
        1,
        null,
        1,
        3,
        2,
        2,
        null,
        null,
        null,
        null,
        1,
        7,
        null,
        null,
        1,
        null,
        2,
        null,
        2,
        null,
        2,
        null,
        2,
        null,
        2,
        null,
        2,
        null,
        2,
        null,
        1,
        null,
        null,
        1,
        1,
        null,
        null
      ],
      "/Users/igor/work/preinterns/shopv426/app/models/user.rb": [
        1,
        1,
        null,
        1,
        null,
        1,
        null,
        1,
        null,
        1,
        null,
        1,
        null,
        1,
        null,
        1,
        null,
        1,
        null,
        1,
        null,
        1,
        null,
        1,
        7,
        null,
        null
      ]
    },
    "timestamp": 1470842040
  }
}
