{
  "RSpec": {
    "coverage": {
      "/home/maks/Dropbox/study/Ruby/my/shop apps/4_2_6/shop/spec/controllers/api/products_controller_spec.rb": [
        1,
        null,
        1,
        1,
        null,
        1,
        null,
        1,
        1,
        null,
        1,
        null,
        null,
        1,
        1,
        null,
        1,
        null,
        null,
        1,
        1,
        null,
        1,
        null,
        1,
        null,
        null,
        1,
        1,
        null,
        1,
        null,
        1,
        null,
        null
      ],
      "/home/maks/Dropbox/study/Ruby/my/shop apps/4_2_6/shop/spec/rails_helper.rb": [
        null,
        1,
        1,
        1,
        1,
        null,
        null,
        null,
        null,
        null,
        null,
        null,
        null,
        null,
        null,
        null,
        null,
        null,
        null,
        null,
        null,
        null,
        null,
        null,
        null,
        1,
        null,
        1,
        null,
        1,
        null,
        null,
        null,
        null,
        1,
        null,
        null,
        null,
        null,
        null,
        null,
        null,
        null,
        null,
        null,
        null,
        null,
        null,
        null,
        1,
        null,
        1,
        1,
        1,
        null,
        1,
        null,
        null
      ],
      "/home/maks/Dropbox/study/Ruby/my/shop apps/4_2_6/shop/config/environment.rb": [
        null,
        1,
        null,
        null,
        1
      ],
      "/home/maks/Dropbox/study/Ruby/my/shop apps/4_2_6/shop/config/application.rb": [
        1,
        null,
        1,
        null,
        1,
        1,
        1,
        1,
        1,
        1,
        null,
        null,
        null,
        null,
        null,
        1,
        null,
        1,
        1,
        null,
        null,
        null,
        null,
        null,
        null,
        null,
        null,
        null,
        null,
        null,
        null,
        null,
        1,
        null,
        1,
        null,
        null
      ],
      "/home/maks/Dropbox/study/Ruby/my/shop apps/4_2_6/shop/config/boot.rb": [
        1,
        null,
        1
      ],
      "/home/maks/Dropbox/study/Ruby/my/shop apps/4_2_6/shop/config/environments/test.rb": [
        1,
        null,
        null,
        null,
        null,
        null,
        null,
        1,
        null,
        null,
        null,
        null,
        1,
        null,
        null,
        1,
        1,
        null,
        null,
        1,
        1,
        null,
        null,
        1,
        null,
        null,
        1,
        null,
        null,
        null,
        null,
        1,
        null,
        null,
        1,
        null,
        null,
        1,
        null,
        null,
        null,
        null
      ],
      "/home/maks/Dropbox/study/Ruby/my/shop apps/4_2_6/shop/config/initializers/backtrace_silencers.rb": [
        null,
        null,
        null,
        null,
        null,
        null,
        null
      ],
      "/home/maks/Dropbox/study/Ruby/my/shop apps/4_2_6/shop/config/initializers/cookies_serializer.rb": [
        null,
        null,
        1
      ],
      "/home/maks/Dropbox/study/Ruby/my/shop apps/4_2_6/shop/config/initializers/filter_parameter_logging.rb": [
        null,
        null,
        null,
        1
      ],
      "/home/maks/Dropbox/study/Ruby/my/shop apps/4_2_6/shop/config/initializers/generators.rb": [
        1,
        1,
        1,
        1,
        1,
        1,
        1,
        null,
        null
      ],
      "/home/maks/Dropbox/study/Ruby/my/shop apps/4_2_6/shop/config/initializers/inflections.rb": [
        null,
        null,
        null,
        null,
        null,
        null,
        null,
        null,
        null,
        null,
        null,
        null,
        null,
        null,
        null,
        null
      ],
      "/home/maks/Dropbox/study/Ruby/my/shop apps/4_2_6/shop/config/initializers/mime_types.rb": [
        null,
        null,
        null,
        null
      ],
      "/home/maks/Dropbox/study/Ruby/my/shop apps/4_2_6/shop/config/initializers/session_store.rb": [
        null,
        null,
        1
      ],
      "/home/maks/Dropbox/study/Ruby/my/shop apps/4_2_6/shop/config/initializers/wrap_parameters.rb": [
        null,
        null,
        null,
        null,
        null,
        null,
        1,
        1,
        null,
        null,
        null,
        null,
        null,
        null
      ],
      "/home/maks/Dropbox/study/Ruby/my/shop apps/4_2_6/shop/config/routes.rb": [
        1,
        null,
        1,
        null,
        1,
        null,
        null,
        1,
        1,
        null,
        null,
        null,
        1,
        null,
        null,
        1,
        1,
        null,
        null,
        null,
        null,
        1,
        1,
        null,
        null,
        null,
        null,
        null,
        null,
        null,
        null,
        1,
        null,
        null,
        1,
        null,
        null,
        null,
        null,
        null,
        null
      ],
      "/home/maks/Dropbox/study/Ruby/my/shop apps/4_2_6/shop/app/helpers/application_helper.rb": [
        1,
        null
      ],
      "/home/maks/Dropbox/study/Ruby/my/shop apps/4_2_6/shop/app/controllers/api/products_controller.rb": [
        1,
        1,
        1,
        1,
        0,
        null,
        null,
        1,
        0,
        null,
        null
      ],
      "/home/maks/Dropbox/study/Ruby/my/shop apps/4_2_6/shop/app/controllers/application_controller.rb": [
        1,
        null,
        null,
        null,
        1,
        1,
        null,
        1,
        null,
        1,
        null,
        1,
        null,
        1,
        0,
        null,
        0,
        null,
        null,
        1,
        0,
        null,
        null,
        1,
        0,
        null,
        null,
        1,
        0,
        null,
        0,
        null,
        null,
        1,
        0,
        null,
        null,
        1,
        0,
        null,
        0,
        null,
        null,
        null,
        1,
        0,
        null,
        null,
        null,
        1,
        0,
        0,
        null,
        null,
        null,
        null
      ],
      "/home/maks/Dropbox/study/Ruby/my/shop apps/4_2_6/shop/spec/controllers/api/users_controller_spec.rb": [
        1,
        null,
        1,
        1,
        null,
        1,
        1,
        null,
        null,
        null,
        null,
        null,
        0,
        null,
        null,
        1,
        null,
        1,
        null,
        1,
        null,
        1,
        null,
        1,
        null,
        null
      ],
      "/home/maks/Dropbox/study/Ruby/my/shop apps/4_2_6/shop/app/controllers/api/users_controller.rb": [
        1,
        1,
        null,
        1,
        null,
        0,
        0,
        0,
        null,
        null,
        1,
        1,
        0,
        null,
        null,
        1,
        null,
        null,
        null,
        null,
        0,
        null,
        null,
        1,
        0,
        null,
        null,
        1,
        0,
        null,
        null
      ],
      "/home/maks/Dropbox/study/Ruby/my/shop apps/4_2_6/shop/spec/controllers/gift_certificates_controller_spec.rb": [
        1,
        null,
        1,
        null,
        null
      ]
    },
    "timestamp": 1468777989
  }
}
